<?xml version="1.0" encoding="UTF-8"?>
<!-- Generated by org.testng.reporters.JUnitReportReporter -->
<testsuite hostname="Avinav-PC" name="com.capsulecrm.testcases.VerifyNewCaseCreationTest" tests="3" failures="0" timestamp="11 Aug 2021 05:01:39 GMT" time="50.793" errors="0">
  <testcase name="addNewCaseTest" time="19.855" classname="com.capsulecrm.testcases.VerifyNewCaseCreationTest"/>
  <testcase name="verifyHomePageTitle" time="4.936" classname="com.capsulecrm.testcases.VerifyNewCaseCreationTest"/>
  <testcase name="addNewPersonTest" time="26.002" classname="com.capsulecrm.testcases.VerifyNewCaseCreationTest"/>
</testsuite> <!-- com.capsulecrm.testcases.VerifyNewCaseCreationTest -->
